FTXK0VDJ
('Box1', 'RPi2_0')
1
20100
--------------------
openocd/src/openocd -f ../config/openocd/interface/minimodule.cfg -c ftdi_serial FTXK0VDJ -c tcl_port 20166 -c gdb_port 20133 -c telnet_port 20144 -f ../config/openocd/target/rpi2.cfg
Open On-Chip Debugger 0.10.0+dev-g16496488 (2019-08-15-18:47)
Licensed under GNU GPL v2
For bug reports, read
	http://openocd.org/doc/doxygen/bugs.html
Info : Listening on port 20166 for tcl connections
Info : Listening on port 20144 for telnet connections
Info : clock speed 1000 kHz
Error: JTAG scan chain interrogation failed: all ones
Error: Check JTAG interface, timings, target power, etc.
Error: Trying to use configured scan chain anyway...
Error: rpi2.tap: IR capture error; saw 0x0f not 0x01
Warn : Bypassing JTAG setup events due to errors
Error: Invalid ACK (7) in DAP response
Error: JTAG-DP STICKY ERROR
Error: Invalid ACK (7) in DAP response
Error: JTAG-DP STICKY ERROR
Error: Invalid ACK (7) in DAP response
Error: JTAG-DP STICKY ERROR
Error: Invalid ACK (7) in DAP response
Error: JTAG-DP STICKY ERROR
Error: Invalid ACK (7) in DAP response
Error: JTAG-DP STICKY ERROR
Error: Invalid ACK (7) in DAP response
Error: JTAG-DP STICKY ERROR
Error: Invalid ACK (7) in DAP response
Error: JTAG-DP STICKY ERROR
Error: Invalid ACK (7) in DAP response
Error: JTAG-DP STICKY ERROR
Error: Invalid ACK (7) in DAP response
Error: JTAG-DP STICKY ERROR
Error: Invalid ACK (7) in DAP response
Error: JTAG-DP STICKY ERROR
Error: Invalid ACK (7) in DAP response
Error: JTAG-DP STICKY ERROR
Error: Invalid ACK (7) in DAP response
Error: JTAG-DP STICKY ERROR
Error: Invalid ACK (7) in DAP response
Error: JTAG-DP STICKY ERROR
Error: Invalid ACK (7) in DAP response
Error: JTAG-DP STICKY ERROR
Error: Invalid ACK (7) in DAP response
Error: JTAG-DP STICKY ERROR
Error: Invalid ACK (7) in DAP response
Error: JTAG-DP STICKY ERROR
Error: Invalid ACK (7) in DAP response
Error: JTAG-DP STICKY ERROR
Error: Invalid ACK (7) in DAP response
Error: JTAG-DP STICKY ERROR
Error: Invalid ACK (7) in DAP response
Error: JTAG-DP STICKY ERROR
Error: Invalid ACK (7) in DAP response
Error: JTAG-DP STICKY ERROR
Error: Invalid ACK (7) in DAP response
Error: JTAG-DP STICKY ERROR
Error: Invalid ACK (7) in DAP response
Error: JTAG-DP STICKY ERROR
Error: Invalid ACK (7) in DAP response
Error: JTAG-DP STICKY ERROR
Error: Invalid ACK (7) in DAP response
Error: JTAG-DP STICKY ERROR
Error: Invalid ACK (7) in DAP response
Error: JTAG-DP STICKY ERROR
Error: Invalid ACK (7) in DAP response
Error: JTAG-DP STICKY ERROR
Error: Invalid ACK (7) in DAP response
Error: JTAG-DP STICKY ERROR
Error: Invalid ACK (7) in DAP response
Error: JTAG-DP STICKY ERROR
Error: Invalid ACK (7) in DAP response
Error: JTAG-DP STICKY ERROR
Error: Invalid ACK (7) in DAP response
Error: JTAG-DP STICKY ERROR
Error: Invalid ACK (7) in DAP response
Error: JTAG-DP STICKY ERROR


